c:\users\admin\documents\myfirstgame\flappybird\flappybird\x64\debug\vc143.pdb
c:\users\admin\documents\myfirstgame\flappybird\flappybird\x64\debug\vc143.idb
c:\users\admin\documents\myfirstgame\flappybird\flappybird\x64\debug\bird.nativecodeanalysis.sarif
c:\users\admin\documents\myfirstgame\flappybird\flappybird\x64\debug\bird.nativecodeanalysis.xml
c:\users\admin\documents\myfirstgame\flappybird\flappybird\x64\debug\defs.nativecodeanalysis.sarif
c:\users\admin\documents\myfirstgame\flappybird\flappybird\x64\debug\defs.nativecodeanalysis.xml
c:\users\admin\documents\myfirstgame\flappybird\flappybird\x64\debug\game.nativecodeanalysis.sarif
c:\users\admin\documents\myfirstgame\flappybird\flappybird\x64\debug\game.nativecodeanalysis.xml
c:\users\admin\documents\myfirstgame\flappybird\flappybird\x64\debug\ground.nativecodeanalysis.sarif
c:\users\admin\documents\myfirstgame\flappybird\flappybird\x64\debug\ground.nativecodeanalysis.xml
c:\users\admin\documents\myfirstgame\flappybird\flappybird\x64\debug\main.nativecodeanalysis.sarif
c:\users\admin\documents\myfirstgame\flappybird\flappybird\x64\debug\main.nativecodeanalysis.xml
c:\users\admin\documents\myfirstgame\flappybird\flappybird\x64\debug\pipe.nativecodeanalysis.sarif
c:\users\admin\documents\myfirstgame\flappybird\flappybird\x64\debug\pipe.nativecodeanalysis.xml
c:\users\admin\documents\myfirstgame\flappybird\flappybird\x64\debug\score.nativecodeanalysis.sarif
c:\users\admin\documents\myfirstgame\flappybird\flappybird\x64\debug\score.nativecodeanalysis.xml
c:\users\admin\documents\myfirstgame\flappybird\flappybird\x64\debug\texture.nativecodeanalysis.sarif
c:\users\admin\documents\myfirstgame\flappybird\flappybird\x64\debug\texture.nativecodeanalysis.xml
c:\users\admin\documents\myfirstgame\flappybird\flappybird\x64\debug\texture.obj
c:\users\admin\documents\myfirstgame\flappybird\flappybird\x64\debug\score.obj
c:\users\admin\documents\myfirstgame\flappybird\flappybird\x64\debug\pipe.obj
c:\users\admin\documents\myfirstgame\flappybird\flappybird\x64\debug\main.obj
c:\users\admin\documents\myfirstgame\flappybird\flappybird\x64\debug\ground.obj
c:\users\admin\documents\myfirstgame\flappybird\flappybird\x64\debug\game.obj
c:\users\admin\documents\myfirstgame\flappybird\flappybird\x64\debug\defs.obj
c:\users\admin\documents\myfirstgame\flappybird\flappybird\x64\debug\bird.obj
c:\users\admin\documents\myfirstgame\flappybird\x64\debug\flappybird.exe
c:\users\admin\documents\myfirstgame\flappybird\x64\debug\flappybird.pdb
c:\users\admin\documents\myfirstgame\flappybird\flappybird\x64\debug\flappybird.ilk
c:\users\admin\documents\myfirstgame\flappybird\flappybird\x64\debug\vc.nativecodeanalysis.all.xml
c:\users\admin\documents\myfirstgame\flappybird\flappybird\x64\debug\flappybird.tlog\cl.command.1.tlog
c:\users\admin\documents\myfirstgame\flappybird\flappybird\x64\debug\flappybird.tlog\cl.items.tlog
c:\users\admin\documents\myfirstgame\flappybird\flappybird\x64\debug\flappybird.tlog\cl.read.1.tlog
c:\users\admin\documents\myfirstgame\flappybird\flappybird\x64\debug\flappybird.tlog\cl.write.1.tlog
c:\users\admin\documents\myfirstgame\flappybird\flappybird\x64\debug\flappybird.tlog\link.command.1.tlog
c:\users\admin\documents\myfirstgame\flappybird\flappybird\x64\debug\flappybird.tlog\link.read.1.tlog
c:\users\admin\documents\myfirstgame\flappybird\flappybird\x64\debug\flappybird.tlog\link.secondary.1.tlog
c:\users\admin\documents\myfirstgame\flappybird\flappybird\x64\debug\flappybird.tlog\link.write.1.tlog
